<?xml version="1.0" encoding="UTF-8"?>
<!-- Generated by org.testng.reporters.JUnitXMLReporter -->
<testsuite ignored="0" hostname="TYSS-Chaithra" failures="0" tests="1" name="Test-Runner-Firefox" time="32.794" errors="0" timestamp="2023-04-19T07:58:19 IST">
  <testcase classname="vTiger.ContactsTests.CreateContactWithOrganizationTest" name="createContactWithOrgTest" time="20.109"/>
</testsuite> <!-- Test-Runner-Firefox -->
