<?xml version="1.0" encoding="UTF-8"?>
<!-- Generated by org.testng.reporters.JUnitReportReporter -->
<testsuite hostname="TYSS-Chaithra" failures="0" tests="3" name="vTiger.Practice.DataProviderPractice" time="0.016" errors="0" timestamp="2023-04-13T07:23:19 IST" skipped="0">
  <testcase classname="vTiger.Practice.DataProviderPractice" name="sampleTest" time="0.012"/>
  <system-out/>
  <testcase classname="vTiger.Practice.DataProviderPractice" name="sampleTest" time="0.002"/>
  <system-out/>
  <testcase classname="vTiger.Practice.DataProviderPractice" name="sampleTest" time="0.002"/>
  <system-out/>
</testsuite> <!-- vTiger.Practice.DataProviderPractice -->
