<?xml version="1.0" encoding="UTF-8"?>
<!-- Generated by org.testng.reporters.JUnitReportReporter -->
<testsuite hostname="TYSS-Chaithra" failures="0" tests="3" name="vTiger.Practice.TestNGPractice" time="0.017" errors="0" timestamp="2023-04-14T07:17:45 IST" skipped="1">
  <testcase classname="vTiger.Practice.TestNGPractice" name="modifyUser" time="0.003"/>
  <system-out/>
  <testcase classname="vTiger.Practice.TestNGPractice" name="createUser" time="0.014"/>
  <system-out/>
  <testcase classname="vTiger.Practice.TestNGPractice" name="deleteUser">
    <skipped/>
  </testcase> <!-- deleteUser -->
  <system-out/>
</testsuite> <!-- vTiger.Practice.TestNGPractice -->
