<?xml version="1.0" encoding="UTF-8"?>
<!-- Generated by org.testng.reporters.JUnitReportReporter -->
<testsuite hostname="TYSS-Chaithra" failures="0" tests="2" name="vTiger.OrganizationsTests.CreateNewOrganizationTest" time="53.165" errors="0" timestamp="2023-04-20T08:43:40 IST" skipped="0">
  <testcase classname="vTiger.OrganizationsTests.CreateNewOrganizationTest" name="createNewOrgTest" time="42.018"/>
  <system-out/>
  <testcase classname="vTiger.OrganizationsTests.CreateNewOrganizationTest" name="demoOrg" time="11.147"/>
  <system-out/>
</testsuite> <!-- vTiger.OrganizationsTests.CreateNewOrganizationTest -->
